<?xml version="1.0" encoding="UTF-8"?>
<!-- Generated by org.testng.reporters.JUnitReportReporter -->
<testsuite hostname="LAPTOP-PJ7L08O1" failures="0" tests="2" name="cucumber.TestNGTestRunner" time="94.143" errors="0" timestamp="14 Feb 2023 04:10:33 GMT" skipped="0">
  <testcase classname="cucumber.TestNGTestRunner" name="runScenario" time="42.535"/>
  <testcase classname="cucumber.TestNGTestRunner" name="runScenario" time="51.608"/>
</testsuite> <!-- cucumber.TestNGTestRunner -->
